<?xml version="1.0" encoding="UTF-8"?>
<testsuite xmlns:xsi="http://www.w3.org/2001/XMLSchema-instance" xsi:noNamespaceSchemaLocation="https://maven.apache.org/surefire/maven-surefire-plugin/xsd/surefire-test-report-3.0.xsd" version="3.0" name="dk.sdu.cbse.collision.CollisionDetectorTest" time="0.186" tests="4" errors="0" skipped="0" failures="0">
  <properties>
[...]
</properties>
  <testcase name="testBackgroundLayerIgnored" classname="dk.sdu.cbse.collision.CollisionDetectorTest" time="0.131"/>
  <testcase name="testEnemyAsteroidIgnored" classname="dk.sdu.cbse.collision.CollisionDetectorTest" time="0.001"/>
  <testcase name="testEntitiesTooFarApartNoCollision" classname="dk.sdu.cbse.collision.CollisionDetectorTest" time="0.001"/>
  <testcase name="testEntitiesCollide" classname="dk.sdu.cbse.collision.CollisionDetectorTest" time="0.002"/>
</testsuite>